Performing C SOURCE FILE Test CMAKE_HAVE_LIBC_PTHREAD failed with the following output:
Change Dir: /home/atas/guided_filter_point_cloud_denoising/build/CMakeFiles/CMakeTmp

Run Build Command(s):/usr/bin/make cmTC_b8c2d/fast && /usr/bin/make -f CMakeFiles/cmTC_b8c2d.dir/build.make CMakeFiles/cmTC_b8c2d.dir/build
make[1]: Entering directory '/home/atas/guided_filter_point_cloud_denoising/build/CMakeFiles/CMakeTmp'
Building C object CMakeFiles/cmTC_b8c2d.dir/src.c.o
/usr/bin/cc   -DCMAKE_HAVE_LIBC_PTHREAD   -o CMakeFiles/cmTC_b8c2d.dir/src.c.o   -c /home/atas/guided_filter_point_cloud_denoising/build/CMakeFiles/CMakeTmp/src.c
Linking C executable cmTC_b8c2d
/usr/local/bin/cmake -E cmake_link_script CMakeFiles/cmTC_b8c2d.dir/link.txt --verbose=1
/usr/bin/cc  -DCMAKE_HAVE_LIBC_PTHREAD    -rdynamic CMakeFiles/cmTC_b8c2d.dir/src.c.o  -o cmTC_b8c2d 
CMakeFiles/cmTC_b8c2d.dir/src.c.o: In function `main':
src.c:(.text+0x3e): undefined reference to `pthread_create'
src.c:(.text+0x4a): undefined reference to `pthread_detach'
src.c:(.text+0x5b): undefined reference to `pthread_join'
src.c:(.text+0x6f): undefined reference to `pthread_atfork'
collect2: error: ld returned 1 exit status
CMakeFiles/cmTC_b8c2d.dir/build.make:86: recipe for target 'cmTC_b8c2d' failed
make[1]: *** [cmTC_b8c2d] Error 1
make[1]: Leaving directory '/home/atas/guided_filter_point_cloud_denoising/build/CMakeFiles/CMakeTmp'
Makefile:121: recipe for target 'cmTC_b8c2d/fast' failed
make: *** [cmTC_b8c2d/fast] Error 2


Source file was:
#include <pthread.h>

void* test_func(void* data)
{
  return data;
}

int main(void)
{
  pthread_t thread;
  pthread_create(&thread, NULL, test_func, NULL);
  pthread_detach(thread);
  pthread_join(thread, NULL);
  pthread_atfork(NULL, NULL, NULL);
  pthread_exit(NULL);

  return 0;
}

Determining if the function pthread_create exists in the pthreads failed with the following output:
Change Dir: /home/atas/guided_filter_point_cloud_denoising/build/CMakeFiles/CMakeTmp

Run Build Command(s):/usr/bin/make cmTC_5ddee/fast && /usr/bin/make -f CMakeFiles/cmTC_5ddee.dir/build.make CMakeFiles/cmTC_5ddee.dir/build
make[1]: Entering directory '/home/atas/guided_filter_point_cloud_denoising/build/CMakeFiles/CMakeTmp'
Building C object CMakeFiles/cmTC_5ddee.dir/CheckFunctionExists.c.o
/usr/bin/cc   -DCHECK_FUNCTION_EXISTS=pthread_create   -o CMakeFiles/cmTC_5ddee.dir/CheckFunctionExists.c.o   -c /usr/local/share/cmake-3.15/Modules/CheckFunctionExists.c
Linking C executable cmTC_5ddee
/usr/local/bin/cmake -E cmake_link_script CMakeFiles/cmTC_5ddee.dir/link.txt --verbose=1
/usr/bin/cc  -DCHECK_FUNCTION_EXISTS=pthread_create    -rdynamic CMakeFiles/cmTC_5ddee.dir/CheckFunctionExists.c.o  -o cmTC_5ddee -lpthreads 
/usr/bin/ld: cannot find -lpthreads
collect2: error: ld returned 1 exit status
CMakeFiles/cmTC_5ddee.dir/build.make:86: recipe for target 'cmTC_5ddee' failed
make[1]: *** [cmTC_5ddee] Error 1
make[1]: Leaving directory '/home/atas/guided_filter_point_cloud_denoising/build/CMakeFiles/CMakeTmp'
Makefile:121: recipe for target 'cmTC_5ddee/fast' failed
make: *** [cmTC_5ddee/fast] Error 2



